<?xml version="1.0" encoding="UTF-8"?>
<!-- Generated by org.testng.reporters.JUnitXMLReporter -->
<testsuite ignored="4" hostname="DESKTOP-ROLOOPG" failures="0" tests="1" name="Default test" time="29.745" errors="0" timestamp="2024-02-21T10:40:17 CST">
  <testcase classname="com.Salesforce.automationscripts.SFUserMenuDropdown" name="TC06MyProfile" time="21.16"/>
  <testcase classname="com.Salesforce.automationscripts.SFUserMenuDropdown" name="TC07MySettings" time="0.0">
    <ignored/>
  </testcase> <!-- TC07MySettings -->
  <testcase classname="com.Salesforce.automationscripts.SFUserMenuDropdown" name="TC09LogOut" time="0.0">
    <ignored/>
  </testcase> <!-- TC09LogOut -->
  <testcase classname="com.Salesforce.automationscripts.SFUserMenuDropdown" name="TC08DeveloperConsole" time="0.0">
    <ignored/>
  </testcase> <!-- TC08DeveloperConsole -->
  <testcase classname="com.Salesforce.automationscripts.SFUserMenuDropdown" name="TC05SelectUserMenu" time="0.0">
    <ignored/>
  </testcase> <!-- TC05SelectUserMenu -->
</testsuite> <!-- Default test -->
